[debug] [2026-03-04T06:53:54.127Z] ----------------------------------------------------------------------
[debug] [2026-03-04T06:53:54.130Z] Command:       C:\Program Files\nodejs\node.exe C:\Users\T470\AppData\Roaming\npm\node_modules\firebase-tools\lib\bin\firebase.js init hosting
[debug] [2026-03-04T06:53:54.130Z] CLI Version:   15.8.0
[debug] [2026-03-04T06:53:54.130Z] Platform:      win32
[debug] [2026-03-04T06:53:54.131Z] Node Version:  v22.12.0
[debug] [2026-03-04T06:53:54.131Z] Time:          Wed Mar 04 2026 14:53:54 GMT+0800 (Taipei Standard Time)
[debug] [2026-03-04T06:53:54.131Z] ----------------------------------------------------------------------
[debug] 
[debug] [2026-03-04T06:53:54.133Z] >>> [apiv2][query] GET https://firebase-public.firebaseio.com/cli.json [none]
[info] 
     ######## #### ########  ######## ########     ###     ######  ########
     ##        ##  ##     ## ##       ##     ##  ##   ##  ##       ##
     ######    ##  ########  ######   ########  #########  ######  ######
     ##        ##  ##    ##  ##       ##     ## ##     ##       ## ##
     ##       #### ##     ## ######## ########  ##     ##  ######  ########

You're about to initialize a Firebase project in this directory:

  C:\Users\T470\Downloads\csu-contract-system (4)\csu-final

[debug] [2026-03-04T06:53:57.092Z] <<< [apiv2][status] GET https://firebase-public.firebaseio.com/cli.json 200
[debug] [2026-03-04T06:53:57.093Z] <<< [apiv2][body] GET https://firebase-public.firebaseio.com/cli.json {"cloudBuildErrorAfter":1594252800000,"cloudBuildWarnAfter":1590019200000,"defaultNode10After":1594252800000,"minVersion":"3.0.5","node8DeploysDisabledAfter":1613390400000,"node8RuntimeDisabledAfter":1615809600000,"node8WarnAfter":1600128000000}
[info] 
=== Project Setup
[info] 
[info] First, let's associate this project directory with a Firebase project.
[info] You can create multiple project aliases by running firebase use --add, 
[info] 
